<?xml version="1.0" encoding="UTF-8"?>
<testsuite name="com.example.Persona.Inicial1ApplicationTests" tests="1" skipped="0" failures="0" errors="0" timestamp="2024-09-25T15:15:44" hostname="ING_ORTIZ" time="0.475">
  <properties/>
  <testcase name="contextLoads()" classname="com.example.Persona.Inicial1ApplicationTests" time="0.475"/>
  <system-out><![CDATA[12:15:40.067 [Test worker] INFO org.springframework.test.context.support.AnnotationConfigContextLoaderUtils -- Could not detect default configuration classes for test class [com.example.Persona.Inicial1ApplicationTests]: Inicial1ApplicationTests does not declare any static, non-private, non-final, nested classes annotated with @Configuration.
12:15:40.176 [Test worker] INFO org.springframework.boot.test.context.SpringBootTestContextBootstrapper -- Found @SpringBootConfiguration com.example.Persona.Inicial1Application for test class com.example.Persona.Inicial1ApplicationTests

  .   ____          _            __ _ _
 /\\ / ___'_ __ _ _(_)_ __  __ _ \ \ \ \
( ( )\___ | '_ | '_| | '_ \/ _` | \ \ \ \
 \\/  ___)| |_)| | | | | || (_| |  ) ) ) )
  '  |____| .__|_| |_|_| |_\__, | / / / /
 =========|_|==============|___/=/_/_/_/

 :: Spring Boot ::                (v3.3.3)

2024-09-25T12:15:40.592-03:00  WARN 17616 --- [inicial1] [    Test worker] ory$DuplicateJsonObjectContextCustomizer : 

Found multiple occurrences of org.json.JSONObject on the class path:

	jar:file:/C:/Users/renzo/.gradle/caches/modules-2/files-2.1/org.json/json/20210307/528c8df3757e8bcf151817b1d7b9b434f6aa08d5/json-20210307.jar!/org/json/JSONObject.class
	jar:file:/C:/Users/renzo/.gradle/caches/modules-2/files-2.1/com.vaadin.external.google/android-json/0.0.20131108.vaadin1/fa26d351fe62a6a17f5cda1287c1c6110dec413f/android-json-0.0.20131108.vaadin1.jar!/org/json/JSONObject.class

You may wish to exclude one of them to ensure predictable runtime behavior

2024-09-25T12:15:40.608-03:00  INFO 17616 --- [inicial1] [    Test worker] c.e.Persona.Inicial1ApplicationTests     : Starting Inicial1ApplicationTests using Java 17.0.12 with PID 17616 (started by renzo in C:\Users\renzo\Downloads\Proyecto-APIREST-main\APIREST_Proyecto)
2024-09-25T12:15:40.609-03:00  INFO 17616 --- [inicial1] [    Test worker] c.e.Persona.Inicial1ApplicationTests     : No active profile set, falling back to 1 default profile: "default"
2024-09-25T12:15:41.452-03:00  INFO 17616 --- [inicial1] [    Test worker] .s.d.r.c.RepositoryConfigurationDelegate : Bootstrapping Spring Data JPA repositories in DEFAULT mode.
2024-09-25T12:15:41.517-03:00  INFO 17616 --- [inicial1] [    Test worker] .s.d.r.c.RepositoryConfigurationDelegate : Finished Spring Data repository scanning in 54 ms. Found 1 JPA repository interface.
2024-09-25T12:15:42.006-03:00  INFO 17616 --- [inicial1] [    Test worker] o.hibernate.jpa.internal.util.LogHelper  : HHH000204: Processing PersistenceUnitInfo [name: default]
2024-09-25T12:15:42.094-03:00  INFO 17616 --- [inicial1] [    Test worker] org.hibernate.Version                    : HHH000412: Hibernate ORM core version 6.5.2.Final
2024-09-25T12:15:42.143-03:00  INFO 17616 --- [inicial1] [    Test worker] o.h.c.internal.RegionFactoryInitiator    : HHH000026: Second-level cache disabled
2024-09-25T12:15:42.267-03:00  INFO 17616 --- [inicial1] [    Test worker] o.h.e.boot.internal.EnversServiceImpl    : Envers integration enabled? : true
2024-09-25T12:15:42.534-03:00  INFO 17616 --- [inicial1] [    Test worker] o.s.o.j.p.SpringPersistenceUnitInfo      : No LoadTimeWeaver setup: ignoring JPA class transformer
2024-09-25T12:15:42.567-03:00  INFO 17616 --- [inicial1] [    Test worker] com.zaxxer.hikari.HikariDataSource       : HikariPool-1 - Starting...
2024-09-25T12:15:42.750-03:00  INFO 17616 --- [inicial1] [    Test worker] com.zaxxer.hikari.pool.HikariPool        : HikariPool-1 - Added connection conn0: url=jdbc:h2:mem:./testdb user=SA
2024-09-25T12:15:42.752-03:00  INFO 17616 --- [inicial1] [    Test worker] com.zaxxer.hikari.HikariDataSource       : HikariPool-1 - Start completed.
2024-09-25T12:15:42.777-03:00  WARN 17616 --- [inicial1] [    Test worker] org.hibernate.orm.deprecation            : HHH90000025: H2Dialect does not need to be specified explicitly using 'hibernate.dialect' (remove the property setting and it will be selected by default)
2024-09-25T12:15:43.855-03:00  INFO 17616 --- [inicial1] [    Test worker] o.h.e.t.j.p.i.JtaPlatformInitiator       : HHH000489: No JTA platform available (set 'hibernate.transaction.jta.platform' to enable JTA platform integration)
Hibernate: create table autor (id bigint generated by default as identity, apellido varchar(255), biografia varchar(255), nombre varchar(255), primary key (id))
Hibernate: create table autor_libro (autor_id bigint not null, libroid bigint not null)
Hibernate: create table domicilio (id bigint generated by default as identity, calle varchar(255), numero integer, fk_localidad bigint, primary key (id))
Hibernate: create table libro (id bigint generated by default as identity, fecha timestamp(6), genero varchar(255), paginas integer, titulo varchar(255), persona_id bigint, primary key (id))
Hibernate: create table localidad (id bigint generated by default as identity, denominación varchar(255), primary key (id))
Hibernate: create table persona (id bigint generated by default as identity, apellido varchar(255), nombre varchar(255), fk_domicilio bigint, primary key (id))
Hibernate: alter table if exists domicilio drop constraint if exists UKmw4bvv1xgp9173ufs11dfno2c
Hibernate: alter table if exists domicilio add constraint UKmw4bvv1xgp9173ufs11dfno2c unique (fk_localidad)
Hibernate: alter table if exists persona drop constraint if exists UKtf82o8p6mim2vdcl7kh56jltw
Hibernate: alter table if exists persona add constraint UKtf82o8p6mim2vdcl7kh56jltw unique (fk_domicilio)
Hibernate: alter table if exists autor_libro add constraint FKqjqhbp90d0l6gxu7wqntv0yws foreign key (libroid) references libro
Hibernate: alter table if exists autor_libro add constraint FKetoacnupugngmuot6q1mtmsoq foreign key (autor_id) references autor
Hibernate: alter table if exists domicilio add constraint FKsq48s35e5o185ajo3mloiqxjk foreign key (fk_localidad) references localidad
Hibernate: alter table if exists libro add constraint FKqga836umya972tksfj3ltojlg foreign key (persona_id) references persona
Hibernate: alter table if exists persona add constraint FKdvcd83wmvj0mwmbu3kyoisobn foreign key (fk_domicilio) references domicilio
2024-09-25T12:15:43.931-03:00  INFO 17616 --- [inicial1] [    Test worker] j.LocalContainerEntityManagerFactoryBean : Initialized JPA EntityManagerFactory for persistence unit 'default'
2024-09-25T12:15:44.455-03:00  WARN 17616 --- [inicial1] [    Test worker] JpaBaseConfiguration$JpaWebConfiguration : spring.jpa.open-in-view is enabled by default. Therefore, database queries may be performed during view rendering. Explicitly configure spring.jpa.open-in-view to disable this warning
2024-09-25T12:15:44.861-03:00  INFO 17616 --- [inicial1] [    Test worker] o.s.b.a.h2.H2ConsoleAutoConfiguration    : H2 console available at '/h2-console'. Database available at 'jdbc:h2:mem:./testdb'
2024-09-25T12:15:44.924-03:00  INFO 17616 --- [inicial1] [    Test worker] c.e.Persona.Inicial1ApplicationTests     : Started Inicial1ApplicationTests in 4.574 seconds (process running for 5.837)
]]></system-out>
  <system-err><![CDATA[]]></system-err>
</testsuite>
